====================================================
BiSimpleRNN  |  worker-2  (worker)
====================================================
[Config]   input      = /data/input
[Config]   output     = /data/output
[Config]   data_path  = /data/input/all-data.csv
[Config]   model_type = 1 (BiSimpleRNN)
[Startup]  Waiting 15s for chief to be ready…
[Startup]  Done waiting

[Strategy] Initialising MultiWorkerMirroredStrategy…
[Strategy] replicas = 3
[Worker]   type=worker  index=2  is_chief=False

[Step 1] Loading dataset…
Total rows: 4846
Train: 3876 | Test: 970

[Step 2] Adapting vectorizer…
Vocabulary: 5000 tokens

[Step 3] Global batch: 192  (64 x 3 replicas)

[Step 4] Building BiSimpleRNN model…
Model summary → /data/output/model_summary.txt

Class weights: negative=2.59  neutral=0.56  positive=1.19

[Step 5] Training BiSimpleRNN…

Training done in 11s

[Worker 2] Training complete — exiting cleanly.
