====================================================
BiSimpleRNN  |  worker-0  (chief)
====================================================
[Config]   input      = /data/input
[Config]   output     = /data/output
[Config]   data_path  = /data/input/all-data.csv
[Config]   model_type = 1 (BiSimpleRNN)

[Strategy] Initialising MultiWorkerMirroredStrategy…
[Strategy] replicas = 3
[Worker]   type=worker  index=0  is_chief=True

[Step 1] Loading dataset…
Total rows: 4846
Train: 3876 | Test: 970

[Step 2] Adapting vectorizer…
Vocabulary: 5000 tokens
Vocabulary saved → /data/output/vocab.txt

[Step 3] Global batch: 192  (64 x 3 replicas)

[Step 4] Building BiSimpleRNN model…
Model summary → /data/output/model_summary.txt

Class weights: negative=2.59  neutral=0.56  positive=1.19

[Step 5] Training BiSimpleRNN…

Training done in 11s

[Step 6] Building single-worker inference model…
Weights transferred ✓
Evaluating…

────────────────────────────────────────────────────
CLASSIFICATION REPORT  (BiSimpleRNN — MultiWorker, Kaggle CSV)
────────────────────────────────────────────────────
              precision    recall  f1-score   support

    negative       0.54      0.53      0.54       105
     neutral       0.75      0.74      0.75       585
    positive       0.49      0.51      0.50       280

    accuracy                           0.65       970
   macro avg       0.59      0.59      0.59       970
weighted avg       0.65      0.65      0.65       970

Test accuracy : 65.15%
Best train acc: 99.30%
Training time : 11s
Parameters    : 164,355
Replicas used : 3
Report saved  → /data/output/classification_report.txt

────────────────────────────────────────────────────
SAMPLE PREDICTIONS  (BiSimpleRNN)
────────────────────────────────────────────────────
  Text  : The company reported record profits and strong revenue growth
  Result: NEUTRAL  (95% confident)
  Scores: neg=0.03  neu=0.95  pos=0.02

  Text  : Massive layoffs announced as sales decline sharply
  Result: NEGATIVE  (77% confident)
  Scores: neg=0.77  neu=0.20  pos=0.02

  Text  : The firm maintained normal operations this quarter
  Result: NEUTRAL  (84% confident)
  Scores: neg=0.14  neu=0.84  pos=0.02

  Text  : Shares tumble after the firm missed earnings expectations
  Result: POSITIVE  (69% confident)
  Scores: neg=0.01  neu=0.29  pos=0.69

  Text  : Investors cheered after the merger was finalized successfully
  Result: NEUTRAL  (93% confident)
  Scores: neg=0.01  neu=0.93  pos=0.06

Predictions saved → /data/output/sample_predictions.txt

[Worker 0] All done. Outputs in: /data/output
